SF:lib\app\presenter\screens\conversion\conversion_screen.dart
DA:9,25
DA:15,2
DA:17,2
DA:23,2
DA:24,4
LF:5
LH:5
end_of_record
SF:lib\app\presenter\screens\details\details_screen.dart
DA:8,25
DA:12,2
DA:15,2
DA:17,2
DA:19,4
LF:5
LH:5
end_of_record
SF:lib\core\converters\decimal_converter.dart
DA:5,97
DA:7,3
DA:9,6
DA:12,3
DA:14,3
LF:5
LH:5
end_of_record
SF:lib\core\converters\list_decimal_converter.dart
DA:6,49
DA:8,2
DA:11,2
DA:14,2
DA:17,2
DA:19,2
DA:20,3
LF:7
LH:7
end_of_record
SF:lib\core\route_definitions.dart
DA:9,24
DA:10,1
DA:11,3
DA:12,3
DA:13,1
DA:14,1
DA:15,1
DA:16,1
LF:8
LH:8
end_of_record
SF:lib\app\infra\responses\get_crypto_coin_based_on_portfolio_response.dart
DA:19,3
DA:28,1
DA:31,1
DA:34,1
DA:35,1
LF:5
LH:5
end_of_record
SF:lib\app\infra\responses\get_crypto_coin_based_on_portfolio_response.g.dart
DA:9,1
DA:11,1
DA:12,1
DA:13,1
DA:14,1
DA:15,1
DA:17,2
DA:19,2
DA:22,1
DA:24,1
DA:25,1
DA:26,1
DA:27,1
DA:28,1
DA:29,2
DA:31,2
LF:16
LH:16
end_of_record
SF:lib\app\infra\responses\get_crypto_historic_price_by_id_response.dart
DA:14,3
DA:17,1
DA:19,1
DA:21,1
DA:22,1
LF:5
LH:5
end_of_record
SF:lib\app\infra\responses\get_crypto_historic_price_by_id_response.g.dart
DA:9,1
DA:11,1
DA:12,2
DA:15,1
DA:17,1
DA:18,2
LF:6
LH:6
end_of_record
SF:lib\app\domain\view_datas\portfolio_view_data.dart
DA:6,12
LF:1
LH:1
end_of_record
SF:lib\app\infra\responses\get_portfolio_by_id_response.dart
DA:15,2
DA:21,1
DA:22,1
DA:24,2
LF:4
LH:4
end_of_record
SF:lib\app\infra\responses\get_portfolio_by_id_response.g.dart
DA:9,1
DA:11,1
DA:12,1
DA:13,1
DA:14,2
DA:17,1
DA:19,1
DA:20,1
DA:21,1
DA:22,2
LF:10
LH:10
end_of_record
SF:lib\app\infra\responses\get_all_transactions_response.dart
DA:15,5
DA:19,4
DA:20,4
DA:23,2
DA:25,4
DA:26,4
DA:27,4
DA:28,8
DA:29,4
DA:30,4
DA:31,4
DA:32,4
DA:35,4
DA:37,4
LF:14
LH:14
end_of_record
SF:lib\app\infra\responses\get_all_transactions_response.g.dart
DA:9,4
DA:11,4
DA:12,4
DA:13,8
DA:14,4
DA:15,4
DA:18,1
DA:20,1
DA:21,1
LF:9
LH:9
end_of_record
SF:lib\app\domain\view_datas\list_transactions_view_data.dart
DA:7,5
LF:1
LH:1
end_of_record
SF:lib\app\domain\use_cases\get_all_transactions_use_case\get_all_transactions_use_case_imp.dart
DA:8,4
DA:9,4
DA:11,8
DA:13,4
LF:4
LH:4
end_of_record
SF:lib\app\domain\view_datas\list_crypto_view_data.dart
DA:7,8
LF:1
LH:1
end_of_record
SF:lib\app\domain\use_cases\get_crypto_coin_based_on_portfolio_usecase\get_crypto_coin_based_on_portfolio_usecase_imp.dart
DA:10,3
DA:12,3
DA:15,6
DA:20,1
LF:4
LH:4
end_of_record
SF:lib\app\infra\mapper\crypto_mapper.dart
DA:6,1
DA:7,1
DA:8,1
DA:9,1
DA:10,1
DA:11,1
DA:12,1
DA:13,1
DA:14,1
DA:15,1
DA:16,1
DA:19,1
LF:12
LH:12
end_of_record
SF:lib\app\domain\view_datas\crypto_historic_price_view_data.dart
DA:8,3
LF:1
LH:1
end_of_record
SF:lib\app\domain\use_cases\get_crypto_historic_price_by_id_usecase\get_crypto_historic_price_by_id_usecase_imp.dart
DA:10,2
DA:12,2
DA:14,4
DA:16,1
LF:4
LH:4
end_of_record
SF:lib\app\infra\mapper\crypto_price_mapper.dart
DA:6,1
DA:7,2
LF:2
LH:2
end_of_record
SF:lib\app\domain\use_cases\get_portfolio\get_portfolio_by_id_use_case_imp.dart
DA:8,1
DA:10,1
DA:12,2
DA:13,1
LF:4
LH:4
end_of_record
SF:lib\app\infra\mapper\portfolio_mapper.dart
DA:6,1
DA:7,1
DA:8,1
DA:9,1
DA:10,1
DA:11,1
DA:12,1
DA:13,1
DA:16,1
LF:9
LH:9
end_of_record
SF:lib\app\domain\view_datas\coin_in_portfolio_view_data.dart
DA:10,12
LF:1
LH:1
end_of_record
SF:lib\app\domain\view_datas\crypto_coin_view_data.dart
DA:11,8
LF:1
LH:1
end_of_record
SF:lib\app\domain\view_datas\transactions_view_data.dart
DA:9,7
LF:1
LH:1
end_of_record
SF:lib\app\infra\data_sources\endpoints\crypto_coin_end_point.dart
DA:8,4
DA:14,3
DA:19,3
DA:20,3
DA:21,6
DA:23,3
DA:24,3
DA:25,6
DA:27,3
DA:34,2
DA:36,4
DA:37,2
DA:38,2
LF:13
LH:13
end_of_record
SF:lib\app\infra\data_sources\local\get_portfolio_database.dart
DA:5,1
DA:7,1
DA:8,1
DA:9,1
DA:14,1
DA:19,1
DA:24,1
DA:29,1
DA:34,1
DA:39,1
DA:45,1
DA:46,1
DA:51,1
DA:59,1
LF:14
LH:14
end_of_record
SF:lib\app\infra\data_sources\local\transactions_datasource_imp.dart
DA:4,4
DA:6,4
DA:7,4
DA:13,4
DA:19,4
DA:26,4
LF:6
LH:6
end_of_record
SF:lib\app\infra\repositories\crypto_coin_repository_imp.dart
DA:12,4
DA:14,3
DA:19,6
DA:26,1
DA:27,4
DA:31,2
DA:37,4
DA:39,2
DA:40,5
DA:41,1
DA:43,1
DA:45,1
LF:12
LH:12
end_of_record
SF:lib\app\infra\repositories\get_portfolio_repository_imp.dart
DA:7,1
DA:9,1
DA:11,2
DA:13,1
DA:14,1
DA:15,2
LF:6
LH:6
end_of_record
SF:lib\app\infra\repositories\transactions_repository_imp.dart
DA:7,4
DA:9,4
DA:11,8
DA:13,4
LF:4
LH:4
end_of_record
SF:lib\app\infra\responses\single_transaction_response.dart
DA:14,6
DA:19,6
DA:26,4
DA:27,4
DA:28,4
DA:29,4
DA:30,8
DA:31,4
DA:35,2
DA:36,1
DA:37,1
DA:38,1
DA:39,1
LF:13
LH:13
end_of_record
SF:lib\app\presenter\riverpod\datasources\api\coin_gecko\endpoint_provider.dart
DA:6,6
DA:7,2
DA:8,4
DA:9,2
LF:4
LH:4
end_of_record
SF:lib\app\presenter\riverpod\datasources\api\dio_provider.dart
DA:4,6
DA:5,4
DA:6,2
LF:3
LH:3
end_of_record
SF:lib\app\presenter\riverpod\datasources\api\coin_gecko\repository_provider.dart
DA:6,6
DA:7,2
DA:8,4
DA:9,2
LF:4
LH:4
end_of_record
SF:lib\app\presenter\riverpod\datasources\api\coin_gecko\screens\crypto_coin_based_on_portfolio_provider.dart
DA:10,24
DA:11,1
DA:12,3
DA:13,3
DA:14,2
LF:5
LH:5
end_of_record
SF:lib\app\presenter\riverpod\view\get_currency_state_provider.dart
DA:5,6
DA:6,8
LF:2
LH:2
end_of_record
SF:lib\app\presenter\riverpod\datasources\local\portfolio\screen\portfolio_provider.dart
DA:5,24
DA:6,4
LF:2
LH:2
end_of_record
SF:lib\app\presenter\riverpod\datasources\api\coin_gecko\usecases\get_crypto_coin_based_on_portfolio_use_case_provider.dart
DA:6,6
DA:7,2
DA:8,4
DA:9,2
LF:4
LH:4
end_of_record
SF:lib\app\presenter\riverpod\datasources\api\coin_gecko\screens\crypto_coin_from_api_provider.dart
DA:8,21
DA:9,1
DA:10,3
DA:11,1
DA:12,1
DA:14,2
LF:6
LH:6
end_of_record
SF:lib\app\presenter\riverpod\datasources\api\coin_gecko\screens\crypto_historic_price_by_id_provider.dart
DA:7,16
DA:8,8
DA:9,1
DA:10,3
DA:12,2
LF:5
LH:5
end_of_record
SF:lib\app\presenter\riverpod\datasources\api\coin_gecko\usecases\get_crypto_historic_price_by_id_use_case_provider.dart
DA:6,3
DA:7,1
DA:8,2
DA:9,1
LF:4
LH:4
end_of_record
SF:lib\app\presenter\riverpod\datasources\local\portfolio\database_provider.dart
DA:5,3
DA:6,2
LF:2
LH:2
end_of_record
SF:lib\app\presenter\riverpod\datasources\local\portfolio\repository_provider.dart
DA:6,3
DA:7,1
DA:8,2
DA:9,1
LF:4
LH:4
end_of_record
SF:lib\app\presenter\riverpod\datasources\local\portfolio\usecases\get_portfolio_by_id_use_case_provider.dart
DA:6,3
DA:7,1
DA:8,2
DA:9,1
LF:4
LH:4
end_of_record
SF:lib\app\presenter\riverpod\datasources\local\transactions\datasource_provider.dart
DA:5,12
DA:6,8
LF:2
LH:2
end_of_record
SF:lib\app\presenter\riverpod\datasources\local\transactions\repository_provider.dart
DA:6,12
DA:7,4
DA:8,8
DA:9,4
LF:4
LH:4
end_of_record
SF:lib\app\presenter\riverpod\datasources\local\transactions\screen\transactions_provider.dart
DA:5,15
DA:6,16
LF:2
LH:2
end_of_record
SF:lib\app\presenter\riverpod\datasources\local\transactions\usecases\get_all_transactions_usecase_provider.dart
DA:6,12
DA:7,4
DA:8,8
DA:9,4
LF:4
LH:4
end_of_record
SF:lib\app\presenter\riverpod\view\bank_details_provider.dart
DA:3,3
DA:4,2
LF:2
LH:2
end_of_record
SF:lib\app\presenter\riverpod\view\conversion_controller_text_state_provider.dart
DA:3,9
DA:4,3
LF:2
LH:2
end_of_record
SF:lib\app\presenter\riverpod\view\conversion_data_state_provider.dart
DA:3,6
DA:4,1
LF:2
LH:2
end_of_record
SF:lib\app\presenter\riverpod\view\crypto_drop_down_left_provider.dart
DA:5,24
DA:6,1
LF:2
LH:2
end_of_record
SF:lib\app\presenter\riverpod\view\crypto_drop_down_right_provider.dart
DA:6,6
DA:7,1
DA:8,1
DA:13,1
DA:14,1
LF:5
LH:5
end_of_record
SF:lib\app\presenter\riverpod\view\date_time_formatter_provider.dart
DA:4,9
DA:5,6
LF:2
LH:2
end_of_record
SF:lib\app\presenter\riverpod\view\get_crypto_state_provider.dart
DA:5,24
DA:6,1
LF:2
LH:2
end_of_record
SF:lib\app\presenter\riverpod\view\locale_state_provider.dart
DA:6,16
DA:7,8
DA:8,12
LF:3
LH:3
end_of_record
SF:lib\app\presenter\riverpod\view\get_price_from_chart.dart
DA:3,8
LF:1
LH:1
end_of_record
SF:lib\app\presenter\riverpod\view\get_spots_map_state_notifier_provider.dart
DA:5,4
DA:6,2
DA:7,4
DA:11,6
DA:13,2
DA:16,2
DA:17,4
DA:18,2
DA:19,2
DA:20,2
DA:24,2
DA:25,2
DA:27,8
DA:28,2
DA:29,14
DA:31,2
DA:33,8
DA:34,2
DA:35,14
DA:37,2
DA:39,8
DA:40,2
DA:41,14
DA:43,2
DA:45,8
DA:46,2
DA:47,14
DA:49,2
DA:51,8
DA:52,2
DA:53,14
DA:55,2
LF:32
LH:32
end_of_record
SF:lib\app\presenter\riverpod\view\hide_values.dart
DA:3,20
LF:1
LH:1
end_of_record
SF:lib\l10n\app_localizations.dart
DA:63,27
DA:67,9
DA:68,9
DA:362,24
DA:364,9
DA:366,18
DA:369,9
DA:370,27
DA:372,1
DA:376,10
DA:380,10
DA:381,12
DA:382,17
DA:385,2
LF:14
LH:14
end_of_record
SF:lib\core\utils\custom_app_bar.dart
DA:7,3
DA:11,3
DA:16,3
DA:18,3
DA:20,3
DA:21,3
DA:23,3
DA:24,3
DA:25,3
DA:35,3
DA:36,3
DA:37,3
DA:40,3
DA:48,3
LF:14
LH:14
end_of_record
SF:lib\app\presenter\screens\conversion\widgets\body_conversion_screen.dart
DA:9,24
DA:13,2
DA:15,2
LF:3
LH:3
end_of_record
SF:lib\app\presenter\screens\conversion\widgets\conversion_screen_bottom_app_bar.dart
DA:18,24
DA:23,2
DA:25,4
DA:26,4
DA:27,4
DA:28,2
DA:29,6
DA:35,2
DA:38,2
DA:51,2
DA:53,2
DA:54,2
DA:56,2
DA:58,2
DA:59,2
DA:60,4
DA:61,2
DA:67,2
DA:69,2
DA:70,2
DA:77,2
DA:87,2
DA:96,1
DA:97,4
DA:98,1
DA:100,1
DA:108,2
DA:113,2
DA:116,2
DA:117,2
LF:30
LH:30
end_of_record
SF:lib\app\presenter\screens\conversion\utils\conversion_formatter.dart
DA:12,2
DA:14,1
DA:19,2
DA:20,6
DA:21,1
DA:22,4
DA:23,1
DA:24,4
DA:28,6
DA:29,5
DA:30,1
DA:31,1
DA:32,1
DA:33,4
DA:34,1
DA:35,4
DA:40,4
DA:41,3
DA:42,1
DA:43,1
DA:44,3
DA:48,4
DA:49,1
DA:50,1
DA:51,3
DA:55,1
DA:57,2
LF:27
LH:27
end_of_record
SF:lib\app\presenter\screens\conversion\utils\exchanged_currency.dart
DA:10,2
DA:17,2
DA:18,4
DA:19,4
DA:22,2
DA:23,1
DA:24,1
DA:25,2
DA:26,3
DA:30,2
DA:31,6
LF:11
LH:11
end_of_record
SF:lib\app\presenter\screens\conversion\utils\get_conversion_data.dart
DA:1,1
DA:5,1
DA:6,1
DA:7,1
DA:8,2
LF:5
LH:5
end_of_record
SF:lib\app\presenter\screens\conversion\utils\is_valid_method.dart
DA:8,2
DA:17,2
DA:18,4
DA:20,4
DA:23,5
DA:24,1
DA:25,5
DA:27,1
DA:28,1
DA:29,1
DA:30,5
DA:32,1
DA:33,2
DA:35,2
DA:38,1
DA:40,2
DA:44,3
DA:46,2
LF:18
LH:18
end_of_record
SF:lib\app\presenter\screens\conversion\widgets\conversion_drop_down_buttons.dart
DA:8,24
DA:10,2
DA:12,2
DA:17,2
DA:19,2
DA:21,2
LF:6
LH:6
end_of_record
SF:lib\app\presenter\screens\conversion\widgets\conversion_form_widget.dart
DA:16,24
DA:20,2
DA:22,2
DA:31,2
DA:33,10
DA:34,6
DA:35,8
DA:37,8
DA:39,2
DA:40,4
DA:41,4
DA:44,2
DA:50,2
DA:51,2
DA:52,2
DA:53,2
DA:55,2
DA:56,2
DA:59,1
DA:60,5
DA:63,1
DA:64,3
DA:65,6
DA:68,2
DA:69,2
DA:70,8
DA:72,2
DA:73,6
DA:78,1
DA:79,6
DA:80,2
DA:81,1
DA:82,3
DA:83,1
DA:85,2
DA:87,2
DA:91,2
DA:92,6
DA:94,2
DA:95,2
DA:96,2
DA:97,4
DA:98,2
DA:102,12
LF:44
LH:44
end_of_record
SF:lib\app\presenter\screens\conversion\widgets\header_conversion_screen.dart
DA:12,24
DA:16,2
DA:18,4
DA:19,6
DA:20,2
DA:21,2
DA:22,2
DA:23,6
DA:24,4
DA:26,2
DA:27,2
DA:29,6
DA:33,2
DA:35,2
DA:37,2
DA:38,2
DA:39,4
DA:40,2
DA:46,2
DA:47,14
DA:48,2
LF:21
LH:21
end_of_record
SF:lib\app\presenter\screens\conversion\widgets\text_conversion_question.dart
DA:6,24
DA:10,2
DA:12,2
DA:19,2
DA:20,4
DA:21,2
LF:6
LH:6
end_of_record
SF:lib\app\presenter\screens\conversion\widgets\dropdown_button_left.dart
DA:11,24
DA:13,2
DA:14,2
DA:18,2
DA:20,2
DA:23,12
DA:24,2
DA:27,2
DA:30,2
DA:33,2
DA:34,2
DA:35,4
DA:36,2
DA:37,2
DA:38,2
DA:39,2
DA:40,2
DA:47,2
DA:48,4
DA:55,2
DA:58,2
DA:60,2
DA:61,4
DA:62,6
DA:64,2
DA:68,2
DA:70,2
DA:80,2
DA:81,2
DA:82,2
DA:83,2
DA:84,2
DA:85,2
DA:92,2
DA:93,4
DA:102,2
DA:103,1
DA:104,2
DA:105,5
DA:106,5
DA:109,6
DA:110,2
DA:121,2
DA:126,2
DA:127,2
DA:132,2
DA:133,2
LF:47
LH:47
end_of_record
SF:lib\app\presenter\screens\conversion\widgets\dropdown_button_right.dart
DA:10,24
DA:12,2
DA:14,2
DA:17,10
DA:18,2
DA:21,2
DA:24,2
DA:28,2
DA:29,2
DA:30,4
DA:31,2
DA:32,2
DA:33,2
DA:34,2
DA:35,2
DA:42,2
DA:43,4
DA:50,2
DA:51,4
DA:52,2
DA:55,2
DA:56,2
DA:57,2
DA:58,6
DA:60,2
DA:64,2
DA:66,2
DA:76,2
DA:77,2
DA:78,2
DA:79,2
DA:80,2
DA:81,2
DA:88,2
DA:89,4
DA:98,2
DA:99,1
DA:100,4
DA:102,2
DA:113,2
DA:115,2
DA:116,2
DA:121,2
DA:122,2
LF:44
LH:44
end_of_record
SF:lib\core\utils\get_value_helper_text.dart
DA:5,3
DA:9,3
DA:10,4
DA:13,2
DA:14,1
DA:15,1
DA:16,2
DA:17,1
LF:8
LH:8
end_of_record
SF:lib\app\presenter\screens\review\review_screen.dart
DA:11,24
DA:17,1
DA:19,4
DA:20,1
DA:21,1
DA:22,2
LF:6
LH:6
end_of_record
SF:lib\app\presenter\screens\details\widgets\body_details_screen.dart
DA:25,25
DA:29,2
DA:31,2
DA:32,4
DA:33,4
DA:35,2
DA:36,4
DA:37,6
DA:40,4
DA:41,6
DA:42,4
DA:43,2
DA:45,2
DA:46,2
DA:47,10
DA:51,2
DA:53,2
DA:55,2
DA:57,2
DA:59,2
DA:61,2
DA:62,2
DA:63,4
DA:66,2
DA:71,2
DA:72,2
DA:73,2
DA:74,2
DA:77,1
DA:81,1
DA:83,2
DA:84,4
DA:85,2
DA:86,4
DA:89,2
DA:90,2
DA:91,2
DA:92,2
DA:95,1
DA:99,2
DA:100,1
DA:102,2
DA:103,1
DA:117,2
DA:118,4
DA:119,8
DA:121,2
DA:122,4
DA:123,2
DA:124,4
LF:50
LH:50
end_of_record
SF:lib\app\presenter\screens\details\loading_widgets\loading_chart.dart
DA:8,24
DA:12,1
DA:14,1
DA:15,1
DA:16,2
DA:17,2
DA:18,2
DA:19,2
DA:20,2
DA:22,1
DA:24,1
DA:25,2
DA:26,1
DA:27,1
DA:29,1
DA:31,1
DA:32,1
DA:33,1
DA:34,1
DA:35,1
DA:36,1
DA:37,1
DA:39,1
DA:41,1
DA:50,1
DA:51,1
DA:52,2
DA:55,1
DA:56,1
DA:64,1
DA:66,1
DA:68,1
DA:74,1
LF:33
LH:33
end_of_record
SF:lib\app\presenter\screens\details\widgets\day_button.dart
DA:5,2
DA:6,2
DA:12,2
DA:14,2
DA:17,6
DA:18,2
DA:19,2
DA:22,2
DA:24,2
DA:25,2
LF:10
LH:10
end_of_record
SF:lib\app\presenter\screens\details\loading_widgets\loading_details_variation.dart
DA:8,24
DA:12,1
DA:14,1
DA:15,1
DA:16,1
DA:17,1
DA:18,1
DA:21,1
DA:24,1
LF:9
LH:9
end_of_record
SF:lib\core\utils\animated_hide_text_value.dart
DA:7,5
DA:11,5
DA:16,2
DA:17,2
DA:18,2
DA:21,2
DA:22,2
DA:25,8
DA:26,5
DA:28,10
DA:29,5
DA:32,5
DA:33,5
DA:34,5
DA:36,2
DA:37,4
DA:38,4
DA:39,2
DA:40,2
DA:41,2
LF:20
LH:20
end_of_record
SF:lib\core\utils\screens_item.dart
DA:8,3
DA:9,3
DA:14,3
DA:16,3
DA:17,3
DA:18,3
DA:19,3
DA:24,3
DA:25,3
DA:26,3
LF:10
LH:10
end_of_record
SF:lib\app\presenter\screens\details\widgets\button_convert_currency.dart
DA:14,24
DA:18,2
DA:20,4
DA:22,2
DA:24,2
DA:29,1
DA:30,4
DA:31,2
DA:32,4
DA:33,5
DA:34,1
DA:35,5
DA:37,4
DA:38,2
DA:42,2
DA:44,6
DA:46,2
DA:47,2
DA:49,2
DA:50,4
DA:51,2
LF:21
LH:21
end_of_record
SF:lib\app\presenter\screens\details\widgets\custom_line_chart.dart
DA:16,2
DA:19,2
DA:23,2
DA:24,2
DA:35,2
DA:37,2
DA:38,4
DA:39,6
DA:40,6
DA:41,6
DA:44,2
DA:46,2
DA:47,4
DA:48,4
DA:50,8
DA:51,2
DA:52,6
DA:53,6
DA:54,6
DA:55,6
DA:56,6
DA:58,2
DA:60,2
DA:61,2
DA:63,2
DA:65,2
DA:66,2
DA:67,2
DA:68,2
DA:70,2
DA:71,2
DA:72,1
DA:73,1
DA:74,1
DA:75,1
DA:76,2
DA:77,3
DA:82,3
DA:83,1
DA:84,1
DA:85,2
DA:86,6
DA:94,1
DA:97,2
DA:98,2
DA:99,1
DA:100,1
DA:103,1
DA:105,1
DA:107,1
DA:109,1
DA:110,1
DA:119,2
DA:122,2
DA:128,1
DA:129,1
DA:130,1
DA:136,1
DA:138,1
DA:139,7
DA:141,1
DA:143,2
DA:144,1
DA:145,3
DA:148,1
DA:150,2
DA:151,1
DA:156,1
DA:160,2
DA:161,2
DA:163,2
DA:165,2
DA:168,2
DA:169,2
DA:170,4
DA:173,2
DA:174,2
DA:180,2
DA:182,2
DA:184,2
DA:189,1
DA:190,1
DA:191,1
DA:192,4
DA:193,3
DA:195,5
DA:200,2
DA:201,2
LF:88
LH:88
end_of_record
SF:lib\app\presenter\screens\details\widgets\details_item_variation.dart
DA:11,2
DA:14,2
DA:18,2
DA:20,2
DA:26,2
DA:28,2
DA:29,6
DA:32,2
DA:35,2
DA:36,2
DA:37,12
DA:38,10
DA:39,4
DA:40,4
DA:41,2
DA:43,2
DA:44,2
DA:45,4
DA:46,2
DA:51,2
DA:53,10
DA:54,2
DA:57,4
LF:23
LH:23
end_of_record
SF:lib\app\presenter\screens\details\widgets\details_top_card_widget.dart
DA:9,24
DA:13,2
DA:15,4
DA:16,2
DA:18,2
DA:19,2
DA:21,2
DA:22,2
DA:23,2
DA:24,2
DA:25,2
DA:26,2
DA:29,2
DA:32,1
DA:33,1
DA:34,1
DA:47,2
DA:48,2
DA:49,2
DA:50,2
DA:56,2
DA:57,4
DA:58,2
LF:23
LH:23
end_of_record
SF:lib\app\presenter\screens\exchanged\exchanged_screen.dart
DA:8,25
DA:12,2
DA:14,2
LF:3
LH:3
end_of_record
SF:lib\app\presenter\screens\exchanged\widgets\body_exchanged_screen.dart
DA:8,24
DA:12,2
DA:13,2
DA:19,2
DA:21,2
DA:22,4
DA:25,2
DA:28,2
DA:30,4
DA:31,2
DA:34,2
DA:36,2
DA:37,2
DA:39,2
DA:40,4
DA:41,2
DA:42,4
DA:43,2
DA:48,2
DA:49,4
DA:50,2
LF:21
LH:21
end_of_record
SF:lib\app\presenter\screens\exchanged\widgets\exchanged_app_bar.dart
DA:11,24
DA:15,2
DA:17,2
DA:21,2
DA:22,1
DA:23,2
DA:24,2
DA:26,1
DA:31,2
DA:32,2
DA:33,2
DA:36,2
DA:44,2
LF:13
LH:13
end_of_record
SF:lib\app\presenter\screens\exchanged\widgets\conversion_animation.dart
DA:6,2
DA:9,6
DA:10,2
DA:18,4
DA:19,2
DA:28,2
DA:75,2
DA:77,2
DA:78,12
DA:80,2
DA:81,6
DA:83,8
DA:84,4
DA:85,2
DA:86,4
DA:91,2
DA:93,2
DA:94,2
DA:95,2
LF:19
LH:19
end_of_record
SF:lib\app\presenter\screens\portfolio\portfolio_screen.dart
DA:12,26
DA:16,3
DA:19,12
DA:21,3
DA:23,3
DA:24,9
DA:25,3
DA:26,3
DA:31,1
DA:34,1
DA:39,3
DA:42,1
DA:44,1
DA:45,1
DA:47,1
DA:48,1
LF:16
LH:16
end_of_record
SF:lib\app\presenter\screens\transactions\transactions_screen.dart
DA:9,25
DA:13,3
DA:18,3
DA:20,3
DA:22,1
DA:24,1
DA:25,1
DA:27,1
DA:28,1
LF:9
LH:9
end_of_record
SF:lib\app\presenter\screens\portfolio\loading_widgets\loading_crypto_list.dart
DA:6,24
DA:10,1
DA:12,1
DA:13,4
DA:14,1
DA:17,1
LF:6
LH:6
end_of_record
SF:lib\app\presenter\screens\portfolio\loading_widgets\loading_crypto_list_card.dart
DA:5,24
DA:9,1
DA:11,1
DA:12,1
DA:13,1
DA:14,1
DA:21,1
DA:24,1
DA:25,1
DA:27,1
DA:29,1
DA:31,1
DA:32,1
DA:35,1
DA:37,1
DA:40,1
DA:43,1
DA:45,1
DA:51,1
DA:53,1
DA:55,1
DA:56,1
DA:59,1
DA:61,1
DA:64,1
DA:67,1
DA:69,1
DA:75,1
LF:28
LH:28
end_of_record
SF:lib\app\presenter\screens\portfolio\loading_widgets\loading_portfolio_screen.dart
DA:7,48
DA:11,1
DA:13,1
LF:3
LH:3
end_of_record
SF:lib\app\presenter\screens\portfolio\loading_widgets\loading_portfolio_top_card.dart
DA:11,24
DA:15,1
DA:17,1
DA:18,2
DA:19,2
DA:21,1
DA:28,1
DA:30,1
DA:31,1
DA:33,1
DA:35,1
DA:36,1
DA:38,2
DA:39,1
DA:49,1
DA:50,1
DA:51,1
DA:52,1
DA:53,1
DA:54,1
DA:60,1
DA:61,2
DA:62,1
LF:23
LH:23
end_of_record
SF:lib\core\utils\hide_values_button.dart
DA:7,72
DA:11,4
DA:13,8
DA:14,4
DA:18,2
DA:19,8
DA:21,4
LF:7
LH:7
end_of_record
SF:lib\core\utils\custom_bottom_navigation_bar.dart
DA:8,4
DA:10,4
DA:15,4
DA:17,4
DA:19,4
DA:20,4
DA:21,4
DA:22,4
DA:23,8
DA:24,4
DA:28,4
DA:33,4
DA:34,8
DA:35,4
DA:39,4
LF:15
LH:15
end_of_record
SF:lib\app\presenter\screens\portfolio\widgets\body_portfolio_screen.dart
DA:11,3
DA:14,3
DA:17,3
DA:19,6
DA:21,9
DA:22,6
DA:24,3
DA:25,3
DA:28,3
DA:30,3
DA:36,1
DA:39,1
LF:12
LH:12
end_of_record
SF:lib\app\presenter\screens\portfolio\widgets\crypto_list_portfolio.dart
DA:8,3
DA:12,3
DA:16,3
DA:18,3
DA:19,3
DA:22,6
DA:23,3
DA:24,3
DA:25,9
LF:9
LH:9
end_of_record
SF:lib\app\presenter\screens\portfolio\widgets\total_currency_card.dart
DA:17,3
DA:21,3
DA:25,3
DA:27,3
DA:28,6
DA:29,6
DA:31,3
DA:38,3
DA:40,3
DA:41,3
DA:43,3
DA:45,3
DA:46,3
DA:47,6
DA:48,3
DA:58,3
DA:60,3
DA:61,3
DA:63,3
DA:64,9
DA:66,3
DA:67,3
DA:68,9
DA:69,6
DA:70,3
DA:71,3
DA:72,9
DA:73,6
DA:75,3
DA:76,3
DA:80,3
DA:85,3
DA:86,6
DA:87,3
DA:88,3
DA:89,3
DA:90,3
DA:91,3
DA:94,3
DA:95,3
DA:96,3
DA:97,6
DA:98,6
DA:118,3
DA:119,6
DA:120,3
LF:46
LH:46
end_of_record
SF:lib\app\presenter\screens\portfolio\widgets\change_language_button.dart
DA:10,24
DA:14,3
DA:17,3
DA:18,1
DA:19,2
DA:20,1
DA:21,4
DA:23,4
DA:26,4
DA:28,4
DA:31,2
LF:11
LH:11
end_of_record
SF:lib\app\presenter\screens\portfolio\widgets\crypto_list_card.dart
DA:16,3
DA:19,3
DA:23,3
DA:25,3
DA:26,6
DA:27,6
DA:29,9
DA:30,6
DA:31,3
DA:32,18
DA:34,3
DA:35,3
DA:41,3
DA:42,1
DA:43,4
DA:44,5
DA:45,2
DA:50,3
DA:53,3
DA:54,3
DA:55,3
DA:56,3
DA:57,6
DA:63,3
DA:65,3
DA:66,3
DA:67,9
DA:68,3
DA:73,3
DA:74,3
DA:75,15
DA:77,3
DA:84,3
DA:86,3
DA:88,3
DA:89,3
DA:90,6
DA:91,3
DA:96,3
DA:98,18
DA:99,3
DA:107,3
LF:42
LH:42
end_of_record
SF:lib\app\presenter\screens\portfolio\widgets\icon_from_svg_widget.dart
DA:5,4
DA:8,4
DA:12,4
DA:14,4
DA:15,4
LF:5
LH:5
end_of_record
SF:lib\core\app_assets.dart
DA:9,9
LF:1
LH:1
end_of_record
SF:lib\app\presenter\screens\review\widgets\body_review_screen.dart
DA:12,24
DA:16,1
DA:18,2
DA:20,1
DA:22,1
DA:23,1
DA:24,1
DA:26,1
DA:28,1
DA:30,1
DA:31,1
DA:32,1
DA:33,2
DA:34,2
DA:36,1
DA:37,2
DA:38,2
DA:40,1
DA:41,2
DA:42,1
DA:43,1
DA:44,1
LF:22
LH:22
end_of_record
SF:lib\app\presenter\screens\review\utils\exchange_coins.dart
DA:20,1
DA:24,1
DA:25,2
DA:26,2
DA:29,2
DA:30,3
DA:32,3
DA:34,1
DA:35,2
DA:36,6
DA:38,1
DA:39,2
DA:41,4
DA:42,2
DA:44,2
DA:47,1
DA:49,2
DA:50,6
DA:52,2
DA:53,1
DA:54,5
DA:56,2
DA:59,1
DA:62,2
DA:63,2
DA:64,1
DA:65,2
DA:66,1
DA:67,1
DA:68,2
DA:73,3
DA:74,2
DA:77,1
DA:78,1
DA:79,1
DA:80,1
DA:81,1
DA:82,1
DA:83,2
DA:84,2
DA:89,2
DA:90,1
DA:91,1
DA:92,1
LF:44
LH:44
end_of_record
SF:lib\app\presenter\screens\review\utils\get_exchange_rate.dart
DA:8,1
DA:10,1
DA:11,1
DA:13,1
DA:14,2
DA:15,1
DA:16,1
DA:17,2
DA:19,1
DA:24,4
LF:10
LH:10
end_of_record
SF:lib\app\presenter\screens\review\widgets\finish_conversion_button.dart
DA:10,25
DA:14,2
DA:16,2
DA:18,2
DA:20,1
DA:21,1
DA:25,2
DA:29,2
DA:31,6
DA:33,2
DA:35,2
DA:37,2
DA:38,4
DA:39,2
LF:14
LH:14
end_of_record
SF:lib\app\presenter\screens\review\widgets\review_text.dart
DA:6,24
DA:10,1
DA:12,1
DA:14,1
DA:15,2
DA:16,1
LF:6
LH:6
end_of_record
SF:lib\app\presenter\screens\splash\splash_screen.dart
DA:6,25
DA:10,2
DA:11,2
DA:15,2
DA:17,2
DA:19,4
DA:20,2
DA:21,4
DA:26,2
DA:28,2
DA:29,2
DA:30,2
LF:12
LH:12
end_of_record
SF:lib\app\presenter\screens\transactions\loading_widgets\loading_transaction_list.dart
DA:8,24
DA:12,3
DA:14,12
DA:15,3
DA:16,12
DA:17,3
DA:20,3
LF:7
LH:7
end_of_record
SF:lib\app\presenter\screens\transactions\loading_widgets\loading_transaction_list_tile.dart
DA:5,24
DA:9,3
DA:11,3
DA:12,3
DA:13,3
DA:14,3
DA:21,3
DA:23,3
DA:25,3
DA:26,3
DA:29,3
DA:31,3
DA:34,3
DA:37,3
DA:39,3
DA:45,3
DA:47,3
DA:49,3
DA:50,3
DA:53,3
DA:55,3
DA:58,3
DA:61,3
DA:63,3
LF:24
LH:24
end_of_record
SF:lib\app\presenter\screens\transactions\widgets\body_transactions_screen.dart
DA:7,24
DA:11,3
DA:13,3
DA:14,3
DA:16,3
LF:5
LH:5
end_of_record
SF:lib\app\presenter\screens\transactions\widgets\header_transactions_screen.dart
DA:7,24
DA:11,3
DA:13,3
DA:15,3
DA:16,6
DA:17,3
LF:6
LH:6
end_of_record
SF:lib\app\presenter\screens\transactions\widgets\list_view_transactions.dart
DA:13,24
DA:16,3
DA:18,3
DA:22,3
DA:24,6
DA:25,12
DA:27,3
DA:28,12
DA:29,2
DA:30,2
DA:32,4
DA:33,2
DA:34,4
DA:35,2
DA:36,2
DA:42,2
DA:51,1
DA:52,1
DA:54,1
DA:55,2
DA:56,2
DA:60,3
LF:22
LH:22
end_of_record
SF:lib\app\presenter\screens\transactions\widgets\dialog_bank_details.dart
DA:9,1
DA:12,1
DA:16,1
DA:18,1
DA:19,2
DA:20,1
DA:22,1
DA:23,1
DA:24,2
DA:25,2
DA:27,1
DA:28,2
DA:29,2
DA:31,1
DA:33,1
DA:34,1
DA:35,2
DA:36,2
DA:38,1
DA:39,2
DA:40,2
DA:42,1
DA:43,2
DA:44,2
LF:24
LH:24
end_of_record
SF:lib\app\presenter\screens\transactions\widgets\dialog_named_section.dart
DA:5,1
DA:9,1
DA:14,1
DA:16,1
DA:19,1
DA:20,1
DA:23,1
DA:24,1
DA:25,1
DA:26,1
DA:29,1
DA:31,1
DA:34,1
DA:35,1
DA:36,1
DA:39,1
LF:16
LH:16
end_of_record
SF:lib\app\presenter\screens\transactions\widgets\dialog_transaction_details_row.dart
DA:5,1
DA:9,1
DA:14,1
DA:16,1
DA:17,1
DA:18,1
DA:20,1
DA:21,1
DA:22,1
DA:23,1
DA:25,1
DA:26,1
DA:28,1
DA:29,1
DA:30,1
LF:15
LH:15
end_of_record
SF:lib\app\presenter\screens\transactions\widgets\transactions_row_item.dart
DA:5,1
DA:9,1
DA:14,1
DA:16,1
DA:18,1
DA:19,1
DA:20,1
DA:21,1
DA:26,1
DA:27,1
DA:28,1
LF:11
LH:11
end_of_record
SF:lib\app\presenter\screens\transactions\widgets\dialog_title.dart
DA:7,1
DA:11,1
DA:16,1
DA:18,1
DA:22,1
DA:23,1
DA:25,1
DA:27,1
DA:28,1
DA:39,1
DA:40,1
DA:41,2
DA:49,2
LF:13
LH:13
end_of_record
SF:lib\app\presenter\screens\transactions\widgets\dialog_title_image.dart
DA:6,1
DA:9,1
DA:13,1
DA:15,1
DA:16,1
DA:17,2
LF:6
LH:6
end_of_record
SF:lib\app\presenter\screens\transactions\widgets\dialog_transaction_details.dart
DA:13,1
DA:18,1
DA:24,1
DA:26,5
DA:27,1
DA:28,2
DA:29,1
DA:30,1
DA:31,1
DA:32,2
DA:33,2
DA:35,1
DA:36,2
DA:37,4
DA:39,1
DA:40,2
DA:41,2
DA:43,1
DA:44,2
DA:45,4
DA:47,1
DA:48,2
DA:49,2
DA:51,1
DA:52,2
DA:53,3
LF:26
LH:26
end_of_record
SF:lib\app\presenter\screens\transactions\widgets\transactions_list_tile.dart
DA:9,2
DA:13,2
DA:18,2
DA:20,2
DA:21,1
DA:22,1
DA:23,2
DA:24,1
DA:31,2
DA:33,2
DA:34,2
DA:35,4
DA:36,2
DA:42,2
DA:43,4
DA:44,2
DA:51,2
DA:53,2
DA:55,2
DA:56,2
DA:57,8
DA:58,2
DA:63,2
DA:64,4
DA:65,2
LF:25
LH:25
end_of_record
SF:lib\app\presenter\screens\transactions\widgets\transactions_dialog.dart
DA:12,1
DA:17,1
DA:23,1
DA:26,5
DA:27,1
DA:28,3
DA:29,4
DA:33,2
DA:34,2
DA:35,1
DA:36,1
DA:37,1
DA:38,1
DA:39,3
DA:40,4
DA:42,2
DA:43,1
DA:44,1
DA:45,1
DA:46,4
DA:47,4
DA:48,1
DA:50,1
DA:51,1
DA:55,1
DA:57,1
LF:26
LH:26
end_of_record
SF:lib\core\utils\generate_route.dart
DA:11,7
DA:12,14
DA:13,12
DA:14,4
DA:17,4
DA:18,16
DA:22,8
DA:23,6
DA:24,4
DA:25,2
DA:26,4
DA:27,4
DA:28,4
DA:32,4
DA:33,4
DA:36,4
DA:42,4
DA:43,16
LF:18
LH:18
end_of_record
SF:lib\l10n\app_localizations_en.dart
DA:5,4
DA:7,2
DA:10,2
DA:13,1
DA:16,2
DA:19,2
DA:22,2
DA:25,2
DA:28,2
DA:31,1
DA:34,1
DA:37,1
DA:40,1
DA:43,1
DA:46,1
DA:49,1
DA:52,1
DA:55,1
DA:58,1
DA:61,1
DA:64,1
DA:67,1
DA:70,1
DA:73,1
DA:76,1
DA:79,1
DA:82,1
DA:85,1
DA:88,1
DA:91,1
DA:94,1
DA:97,1
DA:100,1
DA:103,1
DA:106,1
DA:109,1
DA:112,1
DA:115,1
DA:118,1
DA:121,1
DA:124,1
DA:127,1
DA:130,1
DA:133,1
DA:136,1
LF:45
LH:45
end_of_record
SF:lib\l10n\app_localizations_pt.dart
DA:5,16
DA:7,7
DA:10,7
DA:13,4
DA:16,4
DA:19,4
DA:22,4
DA:25,5
DA:28,5
DA:31,3
DA:34,3
DA:37,3
DA:40,3
DA:43,3
DA:46,3
DA:49,3
DA:52,3
DA:55,3
DA:58,3
DA:61,2
DA:64,2
DA:67,2
DA:70,3
DA:73,3
DA:76,2
DA:79,2
DA:82,3
DA:85,2
DA:88,2
DA:91,3
DA:94,3
DA:97,3
DA:100,2
DA:103,2
DA:106,2
DA:109,2
DA:112,2
DA:115,2
DA:118,2
DA:121,2
DA:124,2
DA:127,2
DA:130,2
DA:133,2
DA:136,2
LF:45
LH:45
end_of_record
SF:lib\main.dart
DA:22,2
DA:24,1
DA:26,1
DA:29,2
DA:32,3
DA:33,1
LF:6
LH:6
end_of_record
