SF:lib\app\domain\view_datas\coin_in_portfolio_view_data.dart
DA:10,3
LF:1
LH:1
end_of_record
SF:lib\app\domain\view_datas\crypto_coin_view_data.dart
DA:11,3
LF:1
LH:1
end_of_record
SF:lib\app\domain\view_datas\crypto_historic_price_view_data.dart
DA:8,1
LF:1
LH:1
end_of_record
SF:lib\app\domain\view_datas\list_crypto_view_data.dart
DA:7,3
LF:1
LH:1
end_of_record
SF:lib\app\domain\view_datas\portfolio_view_data.dart
DA:6,3
LF:1
LH:1
end_of_record
SF:lib\app\presenter\riverpod\datasources\api\coin_gecko\screens\crypto_coin_from_api_provider.dart
DA:8,9
DA:9,1
DA:10,3
DA:11,1
DA:12,1
DA:14,2
LF:6
LH:6
end_of_record
SF:lib\app\presenter\riverpod\datasources\api\coin_gecko\screens\crypto_historic_price_by_id_provider.dart
DA:7,6
DA:8,3
DA:9,0
DA:10,0
DA:12,0
LF:5
LH:2
end_of_record
SF:lib\app\presenter\riverpod\datasources\local\portfolio\screen\portfolio_provider.dart
DA:5,9
DA:6,0
LF:2
LH:1
end_of_record
SF:lib\app\presenter\riverpod\view\get_crypto_state_provider.dart
DA:6,9
DA:7,0
DA:12,0
DA:13,0
LF:4
LH:1
end_of_record
SF:lib\core\utils\generate_route.dart
DA:11,3
DA:12,6
DA:13,4
DA:14,2
DA:17,2
DA:18,8
DA:22,4
DA:23,2
DA:24,0
DA:25,0
DA:26,2
DA:27,0
DA:28,0
DA:32,0
DA:33,0
DA:36,0
DA:42,0
DA:43,0
LF:18
LH:9
end_of_record
SF:lib\l10n\app_localizations.dart
DA:63,9
DA:67,3
DA:68,3
DA:368,3
DA:370,3
DA:372,6
DA:375,3
DA:376,9
DA:378,0
DA:382,3
DA:386,3
DA:387,4
DA:388,6
DA:391,0
LF:14
LH:12
end_of_record
SF:lib\app\presenter\screens\splash\splash_screen.dart
DA:7,4
DA:11,2
DA:12,2
DA:16,2
DA:18,2
DA:19,4
DA:20,2
DA:21,2
DA:22,2
DA:29,2
DA:31,2
DA:32,2
DA:33,2
LF:13
LH:13
end_of_record
SF:lib\app\infra\responses\get_crypto_coin_based_on_portfolio_response.dart
DA:19,0
DA:28,0
DA:31,0
DA:34,0
DA:35,0
LF:5
LH:0
end_of_record
SF:lib\app\infra\responses\get_crypto_coin_based_on_portfolio_response.g.dart
DA:9,0
DA:11,0
DA:12,0
DA:13,0
DA:14,0
DA:15,0
DA:17,0
DA:19,0
DA:22,0
DA:24,0
DA:25,0
DA:26,0
DA:27,0
DA:28,0
DA:29,0
DA:31,0
LF:16
LH:0
end_of_record
SF:lib\app\infra\responses\get_crypto_historic_price_by_id_response.dart
DA:14,0
DA:17,0
DA:19,0
DA:21,0
DA:22,0
LF:5
LH:0
end_of_record
SF:lib\app\infra\responses\get_crypto_historic_price_by_id_response.g.dart
DA:9,0
DA:11,0
DA:12,0
DA:15,0
DA:17,0
DA:18,0
LF:6
LH:0
end_of_record
SF:lib\app\infra\responses\get_portfolio_by_id_response.dart
DA:15,0
DA:21,0
DA:22,0
DA:24,0
LF:4
LH:0
end_of_record
SF:lib\app\infra\responses\get_portfolio_by_id_response.g.dart
DA:9,0
DA:11,0
DA:12,0
DA:13,0
DA:14,0
DA:17,0
DA:19,0
DA:20,0
DA:21,0
DA:22,0
LF:10
LH:0
end_of_record
SF:lib\app\infra\responses\get_all_transactions_response.dart
DA:15,1
DA:19,1
DA:20,1
DA:23,0
DA:25,1
DA:26,1
DA:27,1
DA:28,2
DA:29,1
DA:30,1
DA:31,1
DA:32,1
DA:35,1
DA:37,1
LF:14
LH:13
end_of_record
SF:lib\app\infra\responses\get_all_transactions_response.g.dart
DA:9,1
DA:11,1
DA:12,1
DA:13,2
DA:14,1
DA:15,1
DA:18,0
DA:20,0
DA:21,0
LF:9
LH:6
end_of_record
SF:lib\app\domain\view_datas\list_transactions_view_data.dart
DA:7,1
LF:1
LH:1
end_of_record
SF:lib\app\domain\use_cases\get_all_transactions_use_case\get_all_transactions_use_case_imp.dart
DA:9,1
DA:10,1
DA:12,2
DA:14,1
LF:4
LH:4
end_of_record
SF:lib\app\domain\use_cases\get_crypto_coin_based_on_portfolio_usecase\get_crypto_coin_based_on_portfolio_usecase.dart
DA:8,0
LF:1
LH:0
end_of_record
SF:lib\app\domain\use_cases\get_crypto_coin_based_on_portfolio_usecase\get_crypto_coin_based_on_portfolio_usecase_imp.dart
DA:11,3
DA:13,3
DA:16,6
DA:21,0
LF:4
LH:3
end_of_record
SF:lib\app\infra\mapper\crypto_mapper.dart
DA:6,0
DA:7,0
DA:8,0
DA:9,0
DA:10,0
DA:11,0
DA:12,0
DA:13,0
DA:14,0
DA:15,0
DA:16,0
DA:19,0
LF:12
LH:0
end_of_record
SF:lib\app\domain\use_cases\get_crypto_historic_price_by_id_usecase\get_crypto_historic_price_by_id_usecase_imp.dart
DA:10,0
DA:12,0
DA:14,0
DA:16,0
LF:4
LH:0
end_of_record
SF:lib\app\infra\mapper\crypto_price_mapper.dart
DA:6,0
DA:7,0
LF:2
LH:0
end_of_record
SF:lib\app\domain\use_cases\get_portfolio\get_portfolio_by_id_use_case_imp.dart
DA:8,0
DA:10,0
DA:12,0
DA:13,0
LF:4
LH:0
end_of_record
SF:lib\app\infra\mapper\portfolio_mapper.dart
DA:6,0
DA:7,0
DA:8,0
DA:9,0
DA:10,0
DA:11,0
DA:12,0
DA:13,0
DA:16,0
LF:9
LH:0
end_of_record
SF:lib\app\domain\view_datas\transactions_view_data.dart
DA:9,1
LF:1
LH:1
end_of_record
SF:lib\app\infra\data_sources\endpoints\crypto_coin_end_point.dart
DA:8,3
DA:14,3
DA:19,3
DA:20,3
DA:21,9
DA:23,3
DA:24,3
DA:25,6
DA:27,3
DA:34,0
DA:36,0
DA:37,0
DA:38,0
LF:13
LH:9
end_of_record
SF:lib\app\infra\data_sources\local\get_portfolio_database.dart
DA:5,0
DA:7,0
DA:8,0
DA:9,0
DA:14,0
DA:19,0
DA:24,0
DA:29,0
DA:34,0
DA:39,0
DA:45,0
DA:46,0
DA:51,0
DA:59,0
LF:14
LH:0
end_of_record
SF:lib\app\infra\data_sources\local\transactions_datasource_imp.dart
DA:4,1
DA:6,1
DA:7,1
DA:13,1
DA:19,1
DA:26,1
LF:6
LH:6
end_of_record
SF:lib\app\infra\repositories\crypto_coin_repository_imp.dart
DA:12,3
DA:14,3
DA:19,6
DA:22,0
DA:23,0
DA:27,0
DA:32,0
DA:34,0
DA:35,0
DA:36,0
DA:38,0
DA:40,0
LF:12
LH:3
end_of_record
SF:lib\app\infra\repositories\get_portfolio_repository_imp.dart
DA:7,0
DA:9,0
DA:11,0
DA:13,0
DA:14,0
DA:15,0
LF:6
LH:0
end_of_record
SF:lib\app\infra\repositories\transactions_repository_imp.dart
DA:7,1
DA:9,1
DA:11,2
DA:13,1
LF:4
LH:4
end_of_record
SF:lib\app\infra\responses\single_transaction_response.dart
DA:14,1
DA:19,1
DA:26,1
DA:27,1
DA:28,1
DA:29,1
DA:30,2
DA:31,1
DA:35,0
DA:36,0
DA:37,0
DA:38,0
DA:39,0
LF:13
LH:8
end_of_record
SF:lib\core\converters\decimal_converter.dart
DA:5,12
DA:7,0
DA:9,0
DA:12,0
DA:14,0
LF:5
LH:1
end_of_record
SF:lib\core\converters\list_decimal_converter.dart
DA:6,6
DA:8,0
DA:11,0
DA:12,0
DA:14,0
DA:17,0
DA:19,0
DA:20,0
LF:8
LH:1
end_of_record
SF:lib\app\presenter\riverpod\datasources\api\coin_gecko\endpoint_provider.dart
DA:6,9
DA:7,3
DA:8,6
DA:9,3
LF:4
LH:4
end_of_record
SF:lib\app\presenter\riverpod\datasources\api\dio_provider.dart
DA:4,9
DA:5,6
DA:6,3
LF:3
LH:3
end_of_record
SF:lib\app\presenter\riverpod\datasources\api\coin_gecko\repository_provider.dart
DA:6,9
DA:7,3
DA:8,6
DA:9,3
LF:4
LH:4
end_of_record
SF:lib\app\presenter\riverpod\datasources\api\coin_gecko\screens\crypto_coin_based_on_portfolio_provider.dart
DA:10,9
DA:11,3
DA:12,9
DA:13,9
DA:14,6
LF:5
LH:5
end_of_record
SF:lib\app\presenter\riverpod\view\get_currency_state_provider.dart
DA:5,9
DA:6,9
LF:2
LH:2
end_of_record
SF:lib\app\presenter\riverpod\datasources\api\coin_gecko\usecases\get_crypto_coin_based_on_portfolio_use_case_provider.dart
DA:6,9
DA:7,3
DA:8,6
DA:9,3
LF:4
LH:4
end_of_record
SF:lib\app\presenter\riverpod\datasources\api\coin_gecko\usecases\get_crypto_historic_price_by_id_use_case_provider.dart
DA:6,0
DA:7,0
DA:8,0
DA:9,0
LF:4
LH:0
end_of_record
SF:lib\app\presenter\riverpod\datasources\local\portfolio\database_provider.dart
DA:5,0
DA:6,0
LF:2
LH:0
end_of_record
SF:lib\app\presenter\riverpod\datasources\local\portfolio\repository_provider.dart
DA:6,0
DA:7,0
DA:8,0
DA:9,0
LF:4
LH:0
end_of_record
SF:lib\app\presenter\riverpod\datasources\local\portfolio\usecases\get_portfolio_by_id_use_case_provider.dart
DA:6,0
DA:7,0
DA:8,0
DA:9,0
LF:4
LH:0
end_of_record
SF:lib\app\presenter\riverpod\datasources\local\transactions\datasource_provider.dart
DA:4,3
DA:5,2
LF:2
LH:2
end_of_record
SF:lib\app\presenter\riverpod\datasources\local\transactions\repository_provider.dart
DA:6,3
DA:7,1
DA:8,2
DA:9,1
LF:4
LH:4
end_of_record
SF:lib\app\presenter\riverpod\datasources\local\transactions\screen\transactions_provider.dart
DA:5,3
DA:6,4
LF:2
LH:2
end_of_record
SF:lib\app\presenter\riverpod\datasources\local\transactions\usecases\get_all_transactions_usecase_provider.dart
DA:6,3
DA:7,1
DA:8,2
DA:9,1
LF:4
LH:4
end_of_record
SF:lib\app\presenter\riverpod\view\bank_details_provider.dart
DA:3,0
DA:4,0
LF:2
LH:0
end_of_record
SF:lib\app\presenter\riverpod\view\conversion_controller_text_state_provider.dart
DA:3,3
DA:4,1
LF:2
LH:2
end_of_record
SF:lib\app\presenter\riverpod\view\conversion_data_state_provider.dart
DA:3,0
DA:4,0
LF:2
LH:0
end_of_record
SF:lib\app\presenter\riverpod\view\crypto_drop_down_left_provider.dart
DA:6,3
DA:7,3
LF:2
LH:2
end_of_record
SF:lib\app\presenter\riverpod\view\crypto_drop_down_right_provider.dart
DA:6,3
DA:7,1
DA:8,5
LF:3
LH:3
end_of_record
SF:lib\app\presenter\riverpod\view\date_time_formatter_provider.dart
DA:4,3
DA:5,2
LF:2
LH:2
end_of_record
SF:lib\app\presenter\riverpod\view\get_price_from_chart.dart
DA:3,8
LF:1
LH:1
end_of_record
SF:lib\app\presenter\riverpod\view\get_spots_map_state_notifier_provider.dart
DA:5,2
DA:6,1
DA:7,2
DA:11,3
DA:13,1
DA:16,1
DA:17,2
DA:18,1
DA:19,1
DA:20,1
DA:24,1
DA:25,1
DA:27,4
DA:28,1
DA:29,7
DA:31,1
DA:33,4
DA:34,1
DA:35,7
DA:37,1
DA:39,4
DA:40,1
DA:41,7
DA:43,1
DA:45,4
DA:46,1
DA:47,7
DA:49,1
DA:51,4
DA:52,1
DA:53,7
DA:55,1
LF:32
LH:32
end_of_record
SF:lib\app\presenter\riverpod\view\hide_values.dart
DA:3,12
LF:1
LH:1
end_of_record
SF:lib\app\presenter\riverpod\view\locale_state_provider.dart
DA:6,4
DA:7,2
DA:8,3
LF:3
LH:3
end_of_record
SF:lib\app\presenter\screens\conversion\conversion_screen.dart
DA:9,3
DA:11,0
DA:15,0
DA:17,0
DA:21,0
DA:22,0
LF:6
LH:1
end_of_record
SF:lib\core\utils\custom_app_bar.dart
DA:7,1
DA:11,1
DA:16,1
DA:18,1
DA:20,1
DA:21,1
DA:23,1
DA:24,1
DA:25,1
DA:35,1
DA:36,1
DA:37,1
DA:40,1
DA:48,1
LF:14
LH:14
end_of_record
SF:lib\app\presenter\screens\conversion\widgets\body_conversion_screen.dart
DA:9,3
DA:11,0
DA:13,0
DA:15,0
LF:4
LH:1
end_of_record
SF:lib\app\presenter\screens\conversion\widgets\conversion_screen_bottom_app_bar.dart
DA:18,3
DA:20,0
DA:22,0
DA:24,0
DA:25,0
DA:26,0
DA:27,0
DA:28,0
DA:34,0
DA:37,0
DA:50,0
DA:52,0
DA:53,0
DA:55,0
DA:57,0
DA:58,0
DA:59,0
DA:60,0
DA:66,0
DA:68,0
DA:69,0
DA:76,0
DA:86,0
DA:95,0
DA:96,0
DA:97,0
DA:99,0
DA:107,0
DA:112,0
DA:115,0
DA:116,0
LF:31
LH:1
end_of_record
SF:lib\app\presenter\screens\conversion\utils\conversion_formatter.dart
DA:11,0
DA:13,0
DA:18,0
DA:19,0
DA:20,0
DA:21,0
DA:22,0
DA:23,0
DA:27,0
DA:28,0
DA:29,0
DA:30,0
DA:31,0
DA:32,0
DA:34,0
DA:38,0
DA:39,0
DA:40,0
DA:41,0
DA:42,0
DA:46,0
DA:47,0
DA:48,0
DA:49,0
DA:53,0
DA:55,0
LF:26
LH:0
end_of_record
SF:lib\app\presenter\screens\conversion\utils\exchanged_currency.dart
DA:11,0
DA:18,0
DA:19,0
DA:20,0
DA:23,0
DA:24,0
DA:25,0
DA:26,0
DA:27,0
DA:29,0
DA:31,0
DA:32,0
LF:12
LH:0
end_of_record
SF:lib\app\presenter\screens\conversion\utils\get_conversion_data.dart
DA:1,0
DA:5,0
DA:6,0
DA:7,0
DA:8,0
LF:5
LH:0
end_of_record
SF:lib\app\presenter\screens\conversion\utils\is_valid_method.dart
DA:8,0
DA:17,0
DA:18,0
DA:20,0
DA:23,0
DA:24,0
DA:25,0
DA:27,0
DA:28,0
DA:29,0
DA:30,0
DA:32,0
DA:33,0
DA:35,0
DA:38,0
DA:40,0
DA:44,0
LF:17
LH:0
end_of_record
SF:lib\app\presenter\screens\conversion\widgets\conversion_drop_down_buttons.dart
DA:10,3
DA:12,0
DA:14,0
DA:21,0
DA:23,0
DA:24,0
DA:27,0
DA:29,0
DA:31,0
LF:9
LH:1
end_of_record
SF:lib\app\presenter\screens\conversion\widgets\conversion_form_widget.dart
DA:16,3
DA:18,0
DA:20,0
DA:22,0
DA:31,0
DA:33,0
DA:34,0
DA:35,0
DA:37,0
DA:39,0
DA:40,0
DA:41,0
DA:44,0
DA:50,0
DA:51,0
DA:52,0
DA:53,0
DA:55,0
DA:56,0
DA:58,0
DA:59,0
DA:62,0
DA:63,0
DA:64,0
DA:67,0
DA:68,0
DA:69,0
DA:71,0
DA:72,0
DA:77,0
DA:78,0
DA:79,0
DA:80,0
DA:81,0
DA:82,0
DA:84,0
DA:86,0
DA:90,0
DA:91,0
DA:93,0
DA:94,0
DA:95,0
DA:96,0
DA:97,0
DA:101,0
LF:45
LH:1
end_of_record
SF:lib\app\presenter\screens\conversion\widgets\header_conversion_screen.dart
DA:12,3
DA:14,0
DA:16,0
DA:18,0
DA:19,0
DA:21,0
DA:25,0
DA:27,0
DA:29,0
DA:30,0
DA:31,0
DA:32,0
DA:38,0
DA:39,0
DA:40,0
DA:41,0
DA:42,0
DA:43,0
DA:44,0
DA:46,0
DA:47,0
DA:48,0
DA:49,0
DA:55,0
DA:58,0
LF:25
LH:1
end_of_record
SF:lib\app\presenter\screens\conversion\widgets\text_conversion_question.dart
DA:6,3
DA:8,0
DA:10,0
DA:12,0
DA:19,0
DA:20,0
DA:21,0
LF:7
LH:1
end_of_record
SF:lib\app\presenter\screens\conversion\widgets\dropdown_button_left.dart
DA:12,3
DA:14,0
DA:15,0
DA:20,0
DA:22,0
DA:23,0
DA:26,0
DA:28,0
DA:31,0
DA:32,0
DA:34,0
DA:37,0
DA:39,0
DA:40,0
DA:41,0
DA:42,0
DA:43,0
DA:44,0
DA:45,0
DA:46,0
DA:53,0
DA:54,0
DA:61,0
DA:64,0
DA:66,0
DA:67,0
DA:69,0
DA:73,0
DA:75,0
DA:85,0
DA:86,0
DA:87,0
DA:88,0
DA:89,0
DA:90,0
DA:97,0
DA:98,0
DA:107,0
DA:108,0
DA:109,0
DA:110,0
DA:111,0
DA:114,0
DA:115,0
DA:126,0
DA:131,0
DA:132,0
DA:137,0
DA:138,0
LF:49
LH:1
end_of_record
SF:lib\app\presenter\screens\conversion\widgets\dropdown_button_right.dart
DA:10,3
DA:12,0
DA:14,0
DA:17,0
DA:18,0
DA:21,0
DA:24,0
DA:27,0
DA:28,0
DA:29,0
DA:30,0
DA:31,0
DA:32,0
DA:33,0
DA:34,0
DA:41,0
DA:42,0
DA:49,0
DA:50,0
DA:51,0
DA:54,0
DA:55,0
DA:56,0
DA:58,0
DA:63,0
DA:65,0
DA:75,0
DA:76,0
DA:77,0
DA:78,0
DA:79,0
DA:80,0
DA:87,0
DA:88,0
DA:97,0
DA:98,0
DA:99,0
DA:101,0
DA:112,0
DA:114,0
DA:115,0
DA:120,0
DA:121,0
LF:43
LH:1
end_of_record
SF:lib\core\utils\get_value_helper_text.dart
DA:5,0
DA:9,0
DA:10,0
DA:13,0
DA:14,0
DA:15,0
DA:16,0
DA:17,0
LF:8
LH:0
end_of_record
SF:lib\app\presenter\screens\review\review_screen.dart
DA:11,3
DA:13,0
DA:17,0
DA:19,0
DA:20,0
DA:21,0
DA:22,0
LF:7
LH:1
end_of_record
SF:lib\app\presenter\screens\details\details_screen.dart
DA:8,4
DA:12,1
DA:15,1
DA:17,1
DA:19,2
LF:5
LH:5
end_of_record
SF:lib\app\presenter\screens\details\widgets\body_details_screen.dart
DA:26,4
DA:30,1
DA:32,1
DA:33,2
DA:34,2
DA:36,1
DA:37,2
DA:38,3
DA:41,4
DA:42,2
DA:43,3
DA:44,2
DA:45,1
DA:47,1
DA:48,1
DA:49,5
DA:53,1
DA:55,1
DA:57,1
DA:59,1
DA:61,1
DA:63,1
DA:64,1
DA:65,2
DA:68,1
DA:73,1
DA:74,1
DA:75,1
DA:76,1
DA:79,1
DA:83,1
DA:85,1
DA:86,2
DA:87,1
DA:88,2
DA:91,1
DA:92,1
DA:93,1
DA:94,1
DA:97,1
DA:101,2
DA:102,1
DA:104,2
DA:105,1
DA:119,1
DA:120,2
DA:121,4
DA:123,1
DA:124,2
DA:125,1
DA:126,2
LF:51
LH:51
end_of_record
SF:lib\app\presenter\screens\details\loading_widgets\loading_chart.dart
DA:8,3
DA:12,1
DA:14,1
DA:15,1
DA:16,2
DA:17,2
DA:18,2
DA:19,2
DA:20,2
DA:22,1
DA:24,1
DA:25,2
DA:26,1
DA:27,1
DA:29,1
DA:31,1
DA:32,1
DA:33,1
DA:34,1
DA:35,1
DA:36,1
DA:37,1
DA:39,1
DA:41,1
DA:50,1
DA:51,1
DA:52,2
DA:55,1
DA:56,1
DA:64,1
DA:66,1
DA:68,1
DA:74,1
LF:33
LH:33
end_of_record
SF:lib\app\presenter\screens\details\widgets\day_button.dart
DA:5,1
DA:6,1
DA:12,1
DA:14,1
DA:17,3
DA:18,1
DA:19,1
DA:22,1
DA:24,1
DA:25,1
LF:10
LH:10
end_of_record
SF:lib\app\presenter\screens\details\loading_widgets\loading_details_variation.dart
DA:8,3
DA:12,1
DA:14,1
DA:15,1
DA:16,1
DA:17,1
DA:18,1
DA:21,1
DA:24,1
LF:9
LH:9
end_of_record
SF:lib\core\utils\animated_hide_text_value.dart
DA:7,3
DA:11,3
DA:16,1
DA:17,1
DA:18,1
DA:21,1
DA:22,1
DA:25,4
DA:26,3
DA:28,6
DA:29,3
DA:32,3
DA:33,3
DA:34,3
DA:36,1
DA:37,2
DA:38,2
DA:39,1
DA:40,1
DA:41,1
LF:20
LH:20
end_of_record
SF:lib\core\utils\screens_item.dart
DA:8,1
DA:9,1
DA:14,1
DA:16,1
DA:17,1
DA:18,1
DA:19,1
DA:24,1
DA:25,1
DA:26,1
LF:10
LH:10
end_of_record
SF:lib\app\presenter\screens\details\widgets\button_convert_currency.dart
DA:14,3
DA:18,1
DA:20,2
DA:22,1
DA:24,1
DA:29,1
DA:30,4
DA:31,2
DA:32,4
DA:33,5
DA:34,1
DA:35,5
DA:37,4
DA:38,2
DA:42,1
DA:44,3
DA:46,1
DA:47,1
DA:49,1
DA:50,2
DA:51,1
LF:21
LH:21
end_of_record
SF:lib\app\presenter\screens\details\widgets\custom_line_chart.dart
DA:16,1
DA:19,1
DA:23,1
DA:24,1
DA:35,1
DA:37,1
DA:38,2
DA:39,3
DA:40,3
DA:41,3
DA:44,1
DA:46,1
DA:47,2
DA:48,2
DA:50,4
DA:51,1
DA:52,3
DA:53,3
DA:54,3
DA:55,3
DA:56,3
DA:58,1
DA:60,1
DA:61,1
DA:63,1
DA:65,1
DA:66,1
DA:67,1
DA:68,1
DA:70,1
DA:71,1
DA:72,1
DA:73,1
DA:74,1
DA:75,1
DA:76,2
DA:77,3
DA:82,3
DA:83,1
DA:84,1
DA:85,2
DA:86,6
DA:94,1
DA:97,1
DA:98,1
DA:99,1
DA:100,1
DA:103,1
DA:105,1
DA:107,1
DA:109,1
DA:110,1
DA:119,1
DA:122,1
DA:128,1
DA:129,1
DA:130,1
DA:136,1
DA:138,1
DA:139,7
DA:141,1
DA:143,2
DA:144,1
DA:145,3
DA:148,1
DA:150,2
DA:151,1
DA:156,1
DA:160,1
DA:161,1
DA:163,1
DA:165,1
DA:168,1
DA:169,1
DA:170,2
DA:173,1
DA:174,1
DA:180,1
DA:182,1
DA:184,1
DA:189,1
DA:190,1
DA:191,1
DA:192,4
DA:193,3
DA:195,5
DA:200,1
DA:201,1
LF:88
LH:88
end_of_record
SF:lib\app\presenter\screens\details\widgets\details_item_variation.dart
DA:11,1
DA:14,1
DA:18,1
DA:20,1
DA:26,1
DA:28,1
DA:29,3
DA:32,1
DA:35,1
DA:36,1
DA:37,6
DA:38,5
DA:39,2
DA:40,2
DA:41,1
DA:43,1
DA:44,1
DA:45,2
DA:46,1
DA:51,1
DA:53,5
DA:54,1
DA:57,2
LF:23
LH:23
end_of_record
SF:lib\app\presenter\screens\details\widgets\details_top_card_widget.dart
DA:10,3
DA:14,1
DA:16,2
DA:17,1
DA:19,1
DA:20,1
DA:22,1
DA:23,1
DA:24,1
DA:25,1
DA:26,1
DA:27,1
DA:30,1
DA:33,1
DA:34,1
DA:35,1
DA:41,1
DA:42,1
DA:43,1
DA:44,1
DA:50,1
DA:51,2
DA:52,1
LF:23
LH:23
end_of_record
SF:lib\app\presenter\screens\exchanged\exchanged_screen.dart
DA:8,3
DA:12,0
DA:14,0
LF:3
LH:1
end_of_record
SF:lib\app\presenter\screens\exchanged\widgets\body_exchanged_screen.dart
DA:8,3
DA:10,0
DA:12,0
DA:13,0
DA:19,0
DA:21,0
DA:22,0
DA:25,0
DA:28,0
DA:30,0
DA:31,0
DA:34,0
DA:36,0
DA:37,0
DA:39,0
DA:40,0
DA:41,0
DA:42,0
DA:43,0
DA:48,0
DA:49,0
DA:50,0
LF:22
LH:1
end_of_record
SF:lib\app\presenter\screens\exchanged\widgets\exchanged_app_bar.dart
DA:11,3
DA:13,0
DA:15,0
DA:17,0
DA:21,0
DA:22,0
DA:23,0
DA:24,0
DA:26,0
DA:31,0
DA:32,0
DA:33,0
DA:36,0
DA:44,0
LF:14
LH:1
end_of_record
SF:lib\app\presenter\screens\exchanged\widgets\conversion_animation.dart
DA:6,0
DA:9,0
DA:10,0
DA:18,0
DA:19,0
DA:28,0
DA:75,0
DA:76,0
DA:77,0
DA:79,0
DA:80,0
DA:82,0
DA:83,0
DA:90,0
DA:92,0
DA:93,0
DA:94,0
LF:17
LH:0
end_of_record
SF:lib\app\presenter\screens\portfolio\portfolio_screen.dart
DA:11,4
DA:15,2
DA:20,2
DA:22,2
DA:23,6
DA:24,2
DA:25,2
DA:30,1
DA:33,1
DA:38,2
DA:41,1
DA:43,1
DA:44,1
DA:46,1
DA:47,1
LF:15
LH:15
end_of_record
SF:lib\app\presenter\screens\transactions\transactions_screen.dart
DA:9,3
DA:13,1
DA:18,1
DA:20,1
DA:22,0
DA:24,0
DA:25,0
DA:27,0
DA:28,0
LF:9
LH:4
end_of_record
SF:lib\app\presenter\screens\portfolio\loading_widgets\loading_crypto_list.dart
DA:6,3
DA:10,2
DA:12,2
DA:13,8
DA:14,2
DA:17,2
LF:6
LH:6
end_of_record
SF:lib\app\presenter\screens\portfolio\loading_widgets\loading_crypto_list_card.dart
DA:5,3
DA:9,2
DA:11,2
DA:12,2
DA:13,2
DA:14,2
DA:21,2
DA:24,2
DA:25,2
DA:27,2
DA:29,2
DA:31,2
DA:32,2
DA:35,2
DA:37,2
DA:40,2
DA:43,2
DA:45,2
DA:51,2
DA:53,2
DA:55,2
DA:56,2
DA:59,2
DA:61,2
DA:64,2
DA:67,2
DA:69,2
DA:75,2
LF:28
LH:28
end_of_record
SF:lib\app\presenter\screens\portfolio\loading_widgets\loading_portfolio_screen.dart
DA:7,6
DA:11,2
DA:13,2
LF:3
LH:3
end_of_record
SF:lib\app\presenter\screens\portfolio\loading_widgets\loading_portfolio_top_card.dart
DA:12,3
DA:16,2
DA:18,2
DA:19,4
DA:20,4
DA:22,2
DA:29,2
DA:31,2
DA:32,2
DA:34,2
DA:36,2
DA:37,2
DA:39,4
DA:40,2
DA:50,2
DA:51,2
DA:52,2
DA:53,2
DA:54,2
DA:55,2
DA:61,2
DA:62,4
DA:63,2
LF:23
LH:23
end_of_record
SF:lib\core\utils\hide_values_button.dart
DA:7,9
DA:11,3
DA:13,6
DA:14,3
DA:18,1
DA:19,4
DA:21,3
LF:7
LH:7
end_of_record
SF:lib\core\utils\custom_bottom_navigation_bar.dart
DA:8,2
DA:10,2
DA:15,2
DA:17,2
DA:19,2
DA:20,2
DA:21,2
DA:22,2
DA:23,4
DA:24,2
DA:28,2
DA:33,2
DA:34,4
DA:35,2
DA:39,2
LF:15
LH:15
end_of_record
SF:lib\app\presenter\screens\portfolio\widgets\body_portfolio_screen.dart
DA:11,2
DA:14,2
DA:17,2
DA:19,4
DA:21,6
DA:22,2
DA:24,1
DA:25,1
DA:28,1
DA:30,1
DA:36,1
DA:39,2
LF:12
LH:12
end_of_record
SF:lib\app\presenter\screens\portfolio\widgets\crypto_list_portfolio.dart
DA:8,1
DA:12,1
DA:16,1
DA:18,1
DA:19,1
DA:22,2
DA:23,1
DA:24,1
DA:25,3
LF:9
LH:9
end_of_record
SF:lib\app\presenter\screens\portfolio\widgets\total_currency_card.dart
DA:17,1
DA:21,1
DA:25,1
DA:27,1
DA:28,2
DA:29,2
DA:31,1
DA:38,1
DA:40,1
DA:41,1
DA:43,1
DA:45,1
DA:46,1
DA:47,2
DA:48,1
DA:58,1
DA:60,1
DA:61,1
DA:63,1
DA:64,3
DA:66,1
DA:67,1
DA:68,3
DA:69,2
DA:70,1
DA:71,1
DA:72,3
DA:73,2
DA:75,1
DA:76,1
DA:80,1
DA:85,1
DA:86,2
DA:87,1
DA:88,1
DA:89,1
DA:90,1
DA:91,1
DA:94,1
DA:95,1
DA:96,1
DA:97,2
DA:98,2
DA:118,1
DA:119,2
DA:120,1
LF:46
LH:46
end_of_record
SF:lib\app\presenter\screens\portfolio\widgets\change_language_button.dart
DA:10,3
DA:14,1
DA:17,1
DA:18,1
DA:19,2
DA:20,1
DA:21,4
DA:23,4
DA:26,4
DA:28,4
DA:31,2
LF:11
LH:11
end_of_record
SF:lib\app\presenter\screens\portfolio\widgets\crypto_list_card.dart
DA:16,1
DA:19,1
DA:23,1
DA:25,1
DA:26,2
DA:27,2
DA:29,3
DA:30,2
DA:31,1
DA:32,6
DA:34,1
DA:35,1
DA:41,1
DA:42,1
DA:43,4
DA:44,5
DA:45,1
DA:51,1
DA:54,1
DA:55,1
DA:56,1
DA:57,1
DA:58,2
DA:64,1
DA:66,1
DA:67,1
DA:68,3
DA:69,1
DA:74,1
DA:75,1
DA:76,5
DA:78,1
DA:85,1
DA:87,1
DA:89,1
DA:90,1
DA:91,2
DA:92,1
DA:97,1
DA:99,6
DA:100,1
DA:108,1
LF:42
LH:42
end_of_record
SF:lib\app\presenter\screens\portfolio\widgets\icon_from_svg_widget.dart
DA:5,2
DA:8,2
DA:12,2
DA:14,2
DA:15,2
LF:5
LH:5
end_of_record
SF:lib\core\app_assets.dart
DA:9,3
LF:1
LH:1
end_of_record
SF:lib\app\presenter\screens\review\widgets\body_review_screen.dart
DA:12,3
DA:14,0
DA:16,0
DA:18,0
DA:20,0
DA:22,0
DA:23,0
DA:24,0
DA:26,0
DA:28,0
DA:30,0
DA:31,0
DA:32,0
DA:33,0
DA:34,0
DA:36,0
DA:37,0
DA:38,0
DA:40,0
DA:41,0
DA:42,0
DA:43,0
DA:44,0
LF:23
LH:1
end_of_record
SF:lib\app\presenter\screens\review\utils\exchange_coins.dart
DA:20,0
DA:24,0
DA:25,0
DA:26,0
DA:29,0
DA:30,0
DA:32,0
DA:34,0
DA:35,0
DA:36,0
DA:38,0
DA:39,0
DA:41,0
DA:42,0
DA:44,0
DA:47,0
DA:49,0
DA:50,0
DA:52,0
DA:53,0
DA:54,0
DA:56,0
DA:59,0
DA:62,0
DA:63,0
DA:64,0
DA:65,0
DA:66,0
DA:67,0
DA:68,0
DA:73,0
DA:74,0
DA:77,0
DA:78,0
DA:79,0
DA:80,0
DA:81,0
DA:82,0
DA:83,0
DA:84,0
DA:89,0
DA:90,0
DA:91,0
DA:92,0
LF:44
LH:0
end_of_record
SF:lib\app\presenter\screens\review\utils\get_exchange_rate.dart
DA:8,0
DA:10,0
DA:11,0
DA:13,0
DA:14,0
DA:15,0
DA:16,0
DA:17,0
DA:19,0
DA:21,0
DA:24,0
LF:11
LH:0
end_of_record
SF:lib\app\presenter\screens\review\widgets\finish_conversion_button.dart
DA:10,3
DA:12,0
DA:14,0
DA:16,0
DA:21,0
DA:23,0
DA:25,0
DA:26,0
DA:27,0
DA:28,0
DA:31,0
DA:35,0
DA:37,0
DA:39,0
DA:41,0
DA:43,0
DA:44,0
DA:45,0
LF:18
LH:1
end_of_record
SF:lib\app\presenter\screens\review\widgets\review_text.dart
DA:6,3
DA:8,0
DA:10,0
DA:12,0
DA:14,0
DA:15,0
DA:16,0
LF:7
LH:1
end_of_record
SF:lib\app\presenter\screens\transactions\loading_widgets\loading_transaction_list.dart
DA:8,3
DA:10,0
DA:12,1
DA:14,4
DA:15,1
DA:16,4
DA:17,1
DA:20,1
LF:8
LH:7
end_of_record
SF:lib\app\presenter\screens\transactions\loading_widgets\loading_transaction_list_tile.dart
DA:5,3
DA:7,0
DA:9,1
DA:11,1
DA:12,1
DA:13,1
DA:14,1
DA:21,1
DA:23,1
DA:25,1
DA:26,1
DA:29,1
DA:31,1
DA:34,1
DA:37,1
DA:39,1
DA:45,1
DA:47,1
DA:49,1
DA:50,1
DA:53,1
DA:55,1
DA:58,1
DA:61,1
DA:63,1
LF:25
LH:24
end_of_record
SF:lib\app\presenter\screens\transactions\widgets\body_transactions_screen.dart
DA:7,3
DA:11,1
DA:13,1
DA:14,1
DA:16,1
LF:5
LH:5
end_of_record
SF:lib\app\presenter\screens\transactions\widgets\header_transactions_screen.dart
DA:7,3
DA:9,0
DA:11,1
DA:13,1
DA:15,1
DA:16,2
DA:17,1
LF:7
LH:6
end_of_record
SF:lib\app\presenter\screens\transactions\widgets\list_view_transactions.dart
DA:13,3
DA:15,0
DA:16,1
DA:18,1
DA:22,1
DA:24,2
DA:25,4
DA:27,1
DA:28,4
DA:29,1
DA:30,1
DA:32,2
DA:33,1
DA:34,2
DA:35,1
DA:36,1
DA:42,1
DA:51,0
DA:52,0
DA:53,0
DA:54,0
DA:55,0
DA:59,1
LF:23
LH:17
end_of_record
SF:lib\app\presenter\screens\transactions\widgets\dialog_bank_details.dart
DA:9,0
DA:12,0
DA:16,0
DA:18,0
DA:19,0
DA:20,0
DA:22,0
DA:23,0
DA:24,0
DA:25,0
DA:27,0
DA:28,0
DA:29,0
DA:31,0
DA:33,0
DA:34,0
DA:35,0
DA:36,0
DA:38,0
DA:39,0
DA:40,0
DA:42,0
DA:43,0
DA:44,0
LF:24
LH:0
end_of_record
SF:lib\app\presenter\screens\transactions\widgets\dialog_transaction_details_row.dart
DA:5,0
DA:9,0
DA:14,0
DA:16,0
DA:17,0
DA:18,0
DA:20,0
DA:21,0
DA:22,0
DA:23,0
DA:25,0
DA:26,0
DA:28,0
DA:29,0
DA:30,0
LF:15
LH:0
end_of_record
SF:lib\app\presenter\screens\transactions\widgets\dialog_named_section.dart
DA:5,0
DA:9,0
DA:14,0
DA:16,0
DA:19,0
DA:20,0
DA:23,0
DA:24,0
DA:25,0
DA:26,0
DA:29,0
DA:31,0
DA:34,0
DA:35,0
DA:36,0
DA:39,0
LF:16
LH:0
end_of_record
SF:lib\app\presenter\screens\transactions\widgets\transactions_row_item.dart
DA:5,0
DA:9,0
DA:14,0
DA:16,0
DA:18,0
DA:19,0
DA:20,0
DA:21,0
DA:26,0
DA:27,0
DA:28,0
LF:11
LH:0
end_of_record
SF:lib\app\presenter\screens\transactions\widgets\dialog_title.dart
DA:7,0
DA:11,0
DA:16,0
DA:18,0
DA:22,0
DA:23,0
DA:25,0
DA:27,0
DA:28,0
DA:39,0
DA:40,0
DA:41,0
DA:49,0
LF:13
LH:0
end_of_record
SF:lib\app\presenter\screens\transactions\widgets\dialog_title_image.dart
DA:6,0
DA:9,0
DA:13,0
DA:15,0
DA:18,0
DA:20,0
DA:21,0
LF:7
LH:0
end_of_record
SF:lib\app\presenter\screens\transactions\widgets\dialog_transaction_details.dart
DA:13,0
DA:18,0
DA:24,0
DA:26,0
DA:27,0
DA:28,0
DA:29,0
DA:30,0
DA:31,0
DA:32,0
DA:33,0
DA:35,0
DA:36,0
DA:37,0
DA:39,0
DA:40,0
DA:41,0
DA:43,0
DA:44,0
DA:45,0
DA:47,0
DA:48,0
DA:49,0
DA:51,0
DA:52,0
DA:53,0
LF:26
LH:0
end_of_record
SF:lib\app\presenter\screens\transactions\widgets\transactions_list_tile.dart
DA:9,1
DA:13,1
DA:18,1
DA:20,1
DA:21,0
DA:22,0
DA:23,0
DA:24,0
DA:31,1
DA:33,1
DA:34,1
DA:35,2
DA:36,1
DA:42,1
DA:43,2
DA:44,1
DA:51,1
DA:53,1
DA:55,1
DA:56,1
DA:57,4
DA:58,1
DA:63,1
DA:64,2
DA:65,1
LF:25
LH:21
end_of_record
SF:lib\app\presenter\screens\transactions\widgets\transactions_dialog.dart
DA:12,0
DA:17,0
DA:23,0
DA:24,0
DA:26,0
DA:29,0
DA:30,0
DA:31,0
DA:32,0
DA:36,0
DA:37,0
DA:38,0
DA:39,0
DA:40,0
DA:41,0
DA:42,0
DA:43,0
DA:45,0
DA:46,0
DA:47,0
DA:48,0
DA:49,0
DA:50,0
DA:51,0
DA:53,0
DA:54,0
DA:58,0
DA:60,0
LF:28
LH:0
end_of_record
SF:lib\core\route_definitions.dart
DA:9,6
DA:10,1
DA:11,2
DA:12,1
DA:13,0
DA:14,0
DA:15,0
DA:16,0
LF:8
LH:4
end_of_record
SF:lib\l10n\app_localizations_en.dart
DA:5,2
DA:7,1
DA:10,0
DA:13,1
DA:16,0
DA:19,1
DA:22,1
DA:25,1
DA:28,1
DA:31,1
DA:34,0
DA:37,0
DA:40,0
DA:43,0
DA:46,0
DA:49,0
DA:52,0
DA:55,0
DA:58,0
DA:61,0
DA:64,0
DA:67,0
DA:70,0
DA:73,0
DA:76,0
DA:79,0
DA:82,0
DA:85,0
DA:88,0
DA:91,0
DA:94,0
DA:97,0
DA:100,0
DA:103,0
DA:106,0
DA:109,0
DA:112,0
DA:115,0
DA:118,0
DA:121,0
DA:124,0
DA:127,0
DA:130,0
DA:133,0
DA:136,0
DA:139,0
LF:46
LH:8
end_of_record
SF:lib\l10n\app_localizations_pt.dart
DA:5,6
DA:7,3
DA:10,0
DA:13,3
DA:16,1
DA:19,2
DA:22,1
DA:25,2
DA:28,2
DA:31,2
DA:34,1
DA:37,1
DA:40,1
DA:43,1
DA:46,1
DA:49,1
DA:52,0
DA:55,0
DA:58,0
DA:61,0
DA:64,0
DA:67,0
DA:70,0
DA:73,0
DA:76,0
DA:79,0
DA:82,0
DA:85,0
DA:88,0
DA:91,0
DA:94,0
DA:97,0
DA:100,0
DA:103,0
DA:106,0
DA:109,0
DA:112,0
DA:115,0
DA:118,0
DA:121,0
DA:124,0
DA:127,0
DA:130,0
DA:133,0
DA:136,0
DA:139,0
LF:46
LH:15
end_of_record
SF:lib\main.dart
DA:11,0
DA:12,0
DA:13,0
DA:17,2
DA:19,1
DA:22,1
DA:25,2
DA:28,3
DA:29,1
LF:9
LH:6
end_of_record
